<?xml version="1.0" encoding="UTF-8"?>
<!-- Generated by org.testng.reporters.JUnitXMLReporter -->
<testsuite hostname="DESKTOP-CSB55GA" name="Test" tests="20" failures="0" timestamp="4 May 2019 05:59:46 GMT" time="0.112" errors="0">
  <testcase name="@BeforeSuite setup_Browser" time="0.0" classname="TestNgDemo.TestNgMaven.Login_TestCase">
    <failure type="org.openqa.selenium.remote.UnreachableBrowserException" message="Error communicating with the remote browser. It may have died.
Build info: version: &amp;apos;2.53.0&amp;apos;, revision: &amp;apos;35ae25b1534ae328c771e0856c93e187490ca824&amp;apos;, time: &amp;apos;2016-03-15 10:43:46&amp;apos;
System info: host: &amp;apos;DESKTOP-CSB55GA&amp;apos;, ip: &amp;apos;192.168.225.208&amp;apos;, os.name: &amp;apos;Windows 8.1&amp;apos;, os.arch: &amp;apos;x86&amp;apos;, os.version: &amp;apos;6.3&amp;apos;, java.version: &amp;apos;1.8.0_45&amp;apos;
Driver info: driver.version: RemoteWebDriver
Capabilities [{applicationCacheEnabled=true, rotatable=false, handlesAlerts=true, databaseEnabled=true, version=46.0.1, platform=WINDOWS, nativeEvents=false, acceptSslCerts=true, webStorageEnabled=true, locationContextEnabled=true, browserName=firefox, takesScreenshot=true, javascriptEnabled=true, cssSelectorsEnabled=true}]
Session ID: 895b8baf-ed98-4c5d-bdb3-b9b126416b5b">
      <![CDATA[org.openqa.selenium.remote.UnreachableBrowserException: Error communicating with the remote browser. It may have died.
Build info: version: '2.53.0', revision: '35ae25b1534ae328c771e0856c93e187490ca824', time: '2016-03-15 10:43:46'
System info: host: 'DESKTOP-CSB55GA', ip: '192.168.225.208', os.name: 'Windows 8.1', os.arch: 'x86', os.version: '6.3', java.version: '1.8.0_45'
Driver info: driver.version: RemoteWebDriver
Capabilities [{applicationCacheEnabled=true, rotatable=false, handlesAlerts=true, databaseEnabled=true, version=46.0.1, platform=WINDOWS, nativeEvents=false, acceptSslCerts=true, webStorageEnabled=true, locationContextEnabled=true, browserName=firefox, takesScreenshot=true, javascriptEnabled=true, cssSelectorsEnabled=true}]
Session ID: 895b8baf-ed98-4c5d-bdb3-b9b126416b5b
	at org.openqa.selenium.remote.RemoteWebDriver.execute(RemoteWebDriver.java:665)
	at org.openqa.selenium.remote.RemoteWebDriver.get(RemoteWebDriver.java:316)
	at TestNgDemo.TestNgMaven.Login_TestCase.setup_Browser(Login_TestCase.java:29)
Caused by: org.apache.http.conn.HttpHostConnectException: Connect to 127.0.0.1:7055 [/127.0.0.1] failed: Connection refused: connect
	at org.apache.http.impl.conn.DefaultHttpClientConnectionOperator.connect(DefaultHttpClientConnectionOperator.java:151)
	at org.apache.http.impl.conn.PoolingHttpClientConnectionManager.connect(PoolingHttpClientConnectionManager.java:353)
	at org.apache.http.impl.execchain.MainClientExec.establishRoute(MainClientExec.java:380)
	at org.apache.http.impl.execchain.MainClientExec.execute(MainClientExec.java:236)
	at org.apache.http.impl.execchain.ProtocolExec.execute(ProtocolExec.java:184)
	at org.apache.http.impl.execchain.RetryExec.execute(RetryExec.java:88)
	at org.apache.http.impl.execchain.RedirectExec.execute(RedirectExec.java:110)
	at org.apache.http.impl.client.InternalHttpClient.doExecute(InternalHttpClient.java:184)
	at org.apache.http.impl.client.CloseableHttpClient.execute(CloseableHttpClient.java:71)
	at org.apache.http.impl.client.CloseableHttpClient.execute(CloseableHttpClient.java:55)
	at org.openqa.selenium.remote.internal.ApacheHttpClient.fallBackExecute(ApacheHttpClient.java:162)
	at org.openqa.selenium.remote.internal.ApacheHttpClient.execute(ApacheHttpClient.java:90)
	at org.openqa.selenium.remote.HttpCommandExecutor.execute(HttpCommandExecutor.java:142)
	at org.openqa.selenium.firefox.internal.NewProfileExtensionConnection.execute(NewProfileExtensionConnection.java:160)
	at org.openqa.selenium.firefox.FirefoxDriver$LazyCommandExecutor.execute(FirefoxDriver.java:380)
	at org.openqa.selenium.remote.RemoteWebDriver.execute(RemoteWebDriver.java:644)
	... 20 more
Caused by: java.net.ConnectException: Connection refused: connect
	at java.net.DualStackPlainSocketImpl.waitForConnect(Native Method)
	at java.net.DualStackPlainSocketImpl.socketConnect(DualStackPlainSocketImpl.java:85)
	at java.net.AbstractPlainSocketImpl.doConnect(AbstractPlainSocketImpl.java:345)
	at java.net.AbstractPlainSocketImpl.connectToAddress(AbstractPlainSocketImpl.java:206)
	at java.net.AbstractPlainSocketImpl.connect(AbstractPlainSocketImpl.java:188)
	at java.net.PlainSocketImpl.connect(PlainSocketImpl.java:172)
	at java.net.SocksSocketImpl.connect(SocksSocketImpl.java:392)
	at java.net.Socket.connect(Socket.java:589)
	at org.apache.http.conn.socket.PlainConnectionSocketFactory.connectSocket(PlainConnectionSocketFactory.java:74)
	at org.apache.http.impl.conn.DefaultHttpClientConnectionOperator.connect(DefaultHttpClientConnectionOperator.java:134)
	... 35 more
... Removed 18 stack frames]]>
    </failure>
  </testcase> <!-- @BeforeSuite setup_Browser -->
  <testcase name="Verify_Url" time="0.005" classname="TestNgDemo.TestNgMaven.Login_TestCase">
    <skipped/>
  </testcase> <!-- Verify_Url -->
  <testcase name="verifyApplicationTitle" time="0.003" classname="TestNgDemo.TestNgMaven.Login_TestCase">
    <skipped/>
  </testcase> <!-- verifyApplicationTitle -->
  <testcase name="verify_Title" time="0.002" classname="TestNgDemo.TestNgMaven.Login_TestCase">
    <skipped/>
  </testcase> <!-- verify_Title -->
  <testcase name="loginsesion" time="0.002" classname="TestNgDemo.TestNgMaven.Login_TestCase">
    <skipped/>
  </testcase> <!-- loginsesion -->
  <testcase name="Check_PlaceHolder_Username" time="0.002" classname="TestNgDemo.TestNgMaven.Login_TestCase">
    <skipped/>
  </testcase> <!-- Check_PlaceHolder_Username -->
  <testcase name="Check_PlaceHolder_Password" time="0.002" classname="TestNgDemo.TestNgMaven.Login_TestCase">
    <skipped/>
  </testcase> <!-- Check_PlaceHolder_Password -->
  <testcase name="check_Button_color" time="0.004" classname="TestNgDemo.TestNgMaven.Login_TestCase">
    <skipped/>
  </testcase> <!-- check_Button_color -->
  <testcase name="check_Links" time="0.002" classname="TestNgDemo.TestNgMaven.Login_TestCase">
    <skipped/>
  </testcase> <!-- check_Links -->
  <testcase name="blank_username_password" time="0.002" classname="TestNgDemo.TestNgMaven.Login_TestCase">
    <skipped/>
  </testcase> <!-- blank_username_password -->
  <testcase name="invalidusername_password" time="0.001" classname="TestNgDemo.TestNgMaven.Login_TestCase">
    <skipped/>
  </testcase> <!-- invalidusername_password -->
  <testcase name="validUsername_Password" time="0.002" classname="TestNgDemo.TestNgMaven.Login_TestCase">
    <skipped/>
  </testcase> <!-- validUsername_Password -->
  <testcase name="Verify_Url_DashBoard" time="0.001" classname="TestNgDemo.TestNgMaven.Login_TestCase">
    <skipped/>
  </testcase> <!-- Verify_Url_DashBoard -->
  <testcase name="verifyApplicationTitle_DashBoard" time="0.002" classname="TestNgDemo.TestNgMaven.Login_TestCase">
    <skipped/>
  </testcase> <!-- verifyApplicationTitle_DashBoard -->
  <testcase name="heading_Dashboard" time="0.001" classname="TestNgDemo.TestNgMaven.Login_TestCase">
    <skipped/>
  </testcase> <!-- heading_Dashboard -->
  <testcase name="click_OnUser" time="0.001" classname="TestNgDemo.TestNgMaven.Login_TestCase">
    <skipped/>
  </testcase> <!-- click_OnUser -->
  <testcase name="getTableData" time="0.001" classname="TestNgDemo.TestNgMaven.Login_TestCase">
    <skipped/>
  </testcase> <!-- getTableData -->
  <testcase name="Click_On_AddUser_Btn" time="0.001" classname="TestNgDemo.TestNgMaven.Login_TestCase">
    <skipped/>
  </testcase> <!-- Click_On_AddUser_Btn -->
  <testcase name="Fill_Form" time="0.001" classname="TestNgDemo.TestNgMaven.Login_TestCase">
    <skipped/>
  </testcase> <!-- Fill_Form -->
  <testcase name="clickOn_OperatorBtn" time="0.001" classname="TestNgDemo.TestNgMaven.Login_TestCase">
    <skipped/>
  </testcase> <!-- clickOn_OperatorBtn -->
  <testcase name="logOutBtn" time="0.001" classname="TestNgDemo.TestNgMaven.Login_TestCase">
    <skipped/>
  </testcase> <!-- logOutBtn -->
</testsuite> <!-- Test -->
